2015/09/07 13:08:24 INFO  - jmeter.util.JMeterUtils: Setting Locale to en_US 
2015/09/07 13:08:24 INFO  - jmeter.JMeter: Loading user properties from: /home/mkarpenko/test/jmeter-demo/target/jmeter/bin/user.properties 
2015/09/07 13:08:24 INFO  - jmeter.JMeter: Loading system properties from: /home/mkarpenko/test/jmeter-demo/target/jmeter/bin/system.properties 
2015/09/07 13:08:24 INFO  - jmeter.JMeter: Copyright (c) 1998-2013 The Apache Software Foundation 
2015/09/07 13:08:24 INFO  - jmeter.JMeter: Version 2.9 r1437961 
2015/09/07 13:08:24 INFO  - jmeter.JMeter: java.version=1.8.0_51 
2015/09/07 13:08:24 INFO  - jmeter.JMeter: java.vm.name=Java HotSpot(TM) 64-Bit Server VM 
2015/09/07 13:08:24 INFO  - jmeter.JMeter: os.name=Linux 
2015/09/07 13:08:24 INFO  - jmeter.JMeter: os.arch=amd64 
2015/09/07 13:08:24 INFO  - jmeter.JMeter: os.version=3.16.0-4-amd64 
2015/09/07 13:08:24 INFO  - jmeter.JMeter: file.encoding=UTF-8 
2015/09/07 13:08:24 INFO  - jmeter.JMeter: Default Locale=English (United States) 
2015/09/07 13:08:24 INFO  - jmeter.JMeter: JMeter  Locale=English (United States) 
2015/09/07 13:08:24 INFO  - jmeter.JMeter: JMeterHome=/home/mkarpenko/test/jmeter-demo/target/jmeter 
2015/09/07 13:08:24 INFO  - jmeter.JMeter: user.dir  =/home/mkarpenko/test/jmeter-demo/target/jmeter/bin 
2015/09/07 13:08:24 INFO  - jmeter.JMeter: PWD       =/home/mkarpenko/test/jmeter-demo/target/jmeter/bin 
2015/09/07 13:08:24 INFO  - jmeter.JMeter: IP: 192.168.0.160 Name: mkarpenko-debian FullName: mkarpenko-debian.provectus.local 
2015/09/07 13:08:24 INFO  - jmeter.services.FileServer: Default base='/home/mkarpenko/test/jmeter-demo/target/jmeter/bin' 
2015/09/07 13:08:24 INFO  - jmeter.services.FileServer: Set new base='/home/mkarpenko/test/jmeter-demo/src/test/jmeter/Forum' 
2015/09/07 13:08:24 INFO  - jmeter.JMeter: Loading file: /home/mkarpenko/test/jmeter-demo/src/test/jmeter/Forum/forum_login.jmx 
2015/09/07 13:08:25 INFO  - jmeter.save.SaveService: Testplan (JMX) version: 2.2. Testlog (JTL) version: 2.2 
2015/09/07 13:08:25 INFO  - jmeter.save.SaveService: Using SaveService properties file encoding UTF-8 
2015/09/07 13:08:25 INFO  - jmeter.save.SaveService: Using SaveService properties file version 1427507 
2015/09/07 13:08:25 INFO  - jmeter.save.SaveService: Using SaveService properties version 2.4 
2015/09/07 13:08:25 INFO  - jmeter.save.SaveService: All converter versions present and correct 
2015/09/07 13:08:25 INFO  - jmeter.protocol.http.control.CookieManager: Settings: Delete null: true Check: true Allow variable: true Save: false Prefix: COOKIE_ 
2015/09/07 13:08:25 INFO  - jmeter.protocol.http.sampler.HTTPSamplerBase: Cannot find .className property for htmlParser, using default 
2015/09/07 13:08:25 INFO  - jmeter.protocol.http.sampler.HTTPSamplerBase: Parser for text/html is  
2015/09/07 13:08:25 INFO  - jmeter.protocol.http.sampler.HTTPSamplerBase: Parser for application/xhtml+xml is  
2015/09/07 13:08:25 INFO  - jmeter.protocol.http.sampler.HTTPSamplerBase: Parser for application/xml is  
2015/09/07 13:08:25 INFO  - jmeter.protocol.http.sampler.HTTPSamplerBase: Parser for text/xml is  
2015/09/07 13:08:25 INFO  - jmeter.protocol.http.sampler.HTTPSamplerBase: Parser for text/vnd.wap.wml is org.apache.jmeter.protocol.http.parser.RegexpHTMLParser 
2015/09/07 13:08:25 INFO  - jmeter.protocol.http.sampler.HTTPSamplerBase: Reuse SSL session context on subsequent iterations: true 
2015/09/07 13:08:25 INFO  - jmeter.engine.StandardJMeterEngine: Listeners will be started after enabling running version 
2015/09/07 13:08:25 INFO  - jmeter.engine.StandardJMeterEngine: To revert to the earlier behaviour, define jmeterengine.startlistenerslater=false 
2015/09/07 13:08:25 INFO  - jmeter.engine.StandardJMeterEngine: Running the test! 
2015/09/07 13:08:25 INFO  - jmeter.engine.util.CompoundVariable: Note: Function class names must contain the string: '.functions.' 
2015/09/07 13:08:25 INFO  - jmeter.engine.util.CompoundVariable: Note: Function class names must not contain the string: '.gui.' 
2015/09/07 13:08:25 INFO  - jmeter.JMeter: Running test (1441620505430) 
2015/09/07 13:08:25 INFO  - jmeter.engine.StandardJMeterEngine: Starting ThreadGroup: 1 : Thread Group 
2015/09/07 13:08:25 INFO  - jmeter.engine.StandardJMeterEngine: Starting 1 threads for group Thread Group. 
2015/09/07 13:08:25 INFO  - jmeter.engine.StandardJMeterEngine: Thread will continue on error 
2015/09/07 13:08:25 INFO  - jmeter.threads.ThreadGroup: Starting thread group number 1 threads 1 ramp-up 1 perThread 1000.0 delayedStart=false 
2015/09/07 13:08:25 INFO  - jmeter.threads.JMeterThread: jmeterthread.startearlier=true (see jmeter.properties) 
2015/09/07 13:08:25 INFO  - jmeter.threads.JMeterThread: Running PostProcessors in forward order 
2015/09/07 13:08:25 INFO  - jmeter.threads.ThreadGroup: Started thread group number 1 
2015/09/07 13:08:25 INFO  - jmeter.engine.StandardJMeterEngine: All thread groups have been started 
2015/09/07 13:08:25 INFO  - jmeter.threads.JMeterThread: Thread started: Thread Group 1-1 
2015/09/07 13:08:25 INFO  - jmeter.protocol.http.sampler.HTTPHCAbstractImpl: Local host = mkarpenko-debian 
2015/09/07 13:08:25 INFO  - jmeter.protocol.http.sampler.HTTPHC4Impl: HTTP request retry count = 1 
2015/09/07 13:08:25 INFO  - jmeter.protocol.http.sampler.HTTPHC4Impl: Setting up HTTPS TrustAll scheme 
2015/09/07 13:08:25 INFO  - jmeter.util.JsseSSLManager: Using default SSL protocol: TLS 
2015/09/07 13:08:25 INFO  - jmeter.util.JsseSSLManager: SSL session context: per-thread 
2015/09/07 13:08:25 INFO  - jmeter.samplers.SampleResult: Note: Sample TimeStamps are START times 
2015/09/07 13:08:25 INFO  - jmeter.samplers.SampleResult: sampleresult.default.encoding is set to ISO-8859-1 
2015/09/07 13:08:25 INFO  - jmeter.samplers.SampleResult: sampleresult.useNanoTime=true 
2015/09/07 13:08:25 INFO  - jmeter.samplers.SampleResult: sampleresult.nanoThreadSleep=5000 
2015/09/07 13:08:25 INFO  - jmeter.util.SSLManager: JmeterKeyStore Location:  type JKS 
2015/09/07 13:08:25 INFO  - jmeter.util.SSLManager: KeyStore created OK 
2015/09/07 13:08:25 WARN  - jmeter.util.SSLManager: Keystore file not found, loading empty keystore 
2015/09/07 13:08:26 INFO  - jmeter.threads.JMeterThread: Thread finished: Thread Group 1-1 
2015/09/07 13:08:26 INFO  - jmeter.engine.StandardJMeterEngine: Notifying test listeners of end of test 
